12:46:33,146 DEBUG devpinoyLogger:63 - Config file loaded
12:46:33,149 DEBUG devpinoyLogger:77 - OR file loaded !!!
12:46:34,215 DEBUG RequestAddCookies:123 - CookieSpec selected: default
12:46:34,223 DEBUG RequestAuthCache:77 - Auth cache not set in the context
12:46:34,224 DEBUG PoolingHttpClientConnectionManager:265 - Connection request: [route: {}->http://localhost:24218][total kept alive: 0; route allocated: 0 of 2000; total allocated: 0 of 2000]
12:46:34,236 DEBUG PoolingHttpClientConnectionManager:309 - Connection leased: [id: 0][route: {}->http://localhost:24218][total kept alive: 0; route allocated: 1 of 2000; total allocated: 1 of 2000]
12:46:34,238 DEBUG MainClientExec:235 - Opening connection {}->http://localhost:24218
12:46:34,239 DEBUG DefaultHttpClientConnectionOperator:139 - Connecting to localhost/127.0.0.1:24218
12:46:34,240 DEBUG DefaultHttpClientConnectionOperator:146 - Connection established 127.0.0.1:54532<->127.0.0.1:24218
12:46:34,240 DEBUG DefaultManagedHttpClientConnection:88 - http-outgoing-0: set socket timeout to 10800000
12:46:34,240 DEBUG MainClientExec:256 - Executing request POST /session HTTP/1.1
12:46:34,241 DEBUG MainClientExec:261 - Target auth state: UNCHALLENGED
12:46:34,241 DEBUG MainClientExec:267 - Proxy auth state: UNCHALLENGED
12:46:34,242 DEBUG headers:133 - http-outgoing-0 >> POST /session HTTP/1.1
12:46:34,243 DEBUG headers:136 - http-outgoing-0 >> Content-Type: application/json; charset=utf-8
12:46:34,243 DEBUG headers:136 - http-outgoing-0 >> Content-Length: 122
12:46:34,244 DEBUG headers:136 - http-outgoing-0 >> Host: localhost:24218
12:46:34,244 DEBUG headers:136 - http-outgoing-0 >> Connection: Keep-Alive
12:46:34,244 DEBUG headers:136 - http-outgoing-0 >> User-Agent: Apache-HttpClient/4.5.6 (Java/13.0.1)
12:46:34,244 DEBUG headers:136 - http-outgoing-0 >> Accept-Encoding: gzip,deflate
12:46:34,244 DEBUG wire:73 - http-outgoing-0 >> "POST /session HTTP/1.1[\r][\n]"
12:46:34,244 DEBUG wire:73 - http-outgoing-0 >> "Content-Type: application/json; charset=utf-8[\r][\n]"
12:46:34,244 DEBUG wire:73 - http-outgoing-0 >> "Content-Length: 122[\r][\n]"
12:46:34,245 DEBUG wire:73 - http-outgoing-0 >> "Host: localhost:24218[\r][\n]"
12:46:34,245 DEBUG wire:73 - http-outgoing-0 >> "Connection: Keep-Alive[\r][\n]"
12:46:34,245 DEBUG wire:73 - http-outgoing-0 >> "User-Agent: Apache-HttpClient/4.5.6 (Java/13.0.1)[\r][\n]"
12:46:34,245 DEBUG wire:73 - http-outgoing-0 >> "Accept-Encoding: gzip,deflate[\r][\n]"
12:46:34,245 DEBUG wire:73 - http-outgoing-0 >> "[\r][\n]"
12:46:34,245 DEBUG wire:87 - http-outgoing-0 >> "{"desiredCapabilities":{"browserName":"chrome","chromeOptions":{"args":[],"extensions":[]},"version":"","platform":"ANY"}}"
12:46:40,449 DEBUG wire:73 - http-outgoing-0 << "HTTP/1.1 200 OK[\r][\n]"
12:46:40,449 DEBUG wire:73 - http-outgoing-0 << "Content-Length:1031[\r][\n]"
12:46:40,449 DEBUG wire:73 - http-outgoing-0 << "Content-Type:application/json; charset=utf-8[\r][\n]"
12:46:40,449 DEBUG wire:73 - http-outgoing-0 << "[\r][\n]"
12:46:40,449 DEBUG wire:87 - http-outgoing-0 << "{"sessionId":"396a0f038869892878cd717983badc11","status":0,"value":{"acceptInsecureCerts":false,"acceptSslCerts":false,"applicationCacheEnabled":false,"browserConnectionEnabled":false,"browserName":"chrome","chrome":{"chromedriverVersion":"79.0.3945.36 (3582db32b33893869b8c1339e8f4d9ed1816f143-refs/branch-heads/3945@{#614})","userDataDir":"C:\\Users\\Suman\\AppData\\Local\\Temp\\scoped_dir16008_1311046601"},"cssSelectorsEnabled":true,"databaseEnabled":false,"goog:chromeOptions":{"debuggerAddress":"localhost:54533"},"handlesAlerts":true,"hasTouchScreen":false,"javascriptEnabled":true,"locationContextEnabled":true,"mobileEmulationEnabled":false,"nativeEvents":true,"networkConnectionEnabled":false,"pageLoadStrategy":"normal","platform":"Windows","proxy":{},"rotatable":false,"setWindowRect":true,"strictFileInteractability":false,"takesHeapSnapshot":true,"takesScreenshot":true,"timeouts":{"implicit":0,"pageLoad":300000,"script":30000},"unexpectedAlertBehaviour":"ignore","version":"79.0.3945.88","webStorageEnabled":true}}"
12:46:40,451 DEBUG headers:122 - http-outgoing-0 << HTTP/1.1 200 OK
12:46:40,451 DEBUG headers:125 - http-outgoing-0 << Content-Length:1031
12:46:40,451 DEBUG headers:125 - http-outgoing-0 << Content-Type:application/json; charset=utf-8
12:46:40,454 DEBUG MainClientExec:285 - Connection can be kept alive indefinitely
12:46:40,458 DEBUG PoolingHttpClientConnectionManager:341 - Connection [id: 0][route: {}->http://localhost:24218] can be kept alive indefinitely
12:46:40,458 DEBUG DefaultManagedHttpClientConnection:88 - http-outgoing-0: set socket timeout to 0
12:46:40,458 DEBUG PoolingHttpClientConnectionManager:348 - Connection released: [id: 0][route: {}->http://localhost:24218][total kept alive: 1; route allocated: 1 of 2000; total allocated: 1 of 2000]
12:46:40,463 DEBUG devpinoyLogger:102 - Chrome Launched !!!
12:46:40,464 DEBUG RequestAddCookies:123 - CookieSpec selected: default
12:46:40,464 DEBUG RequestAuthCache:77 - Auth cache not set in the context
12:46:40,465 DEBUG PoolingHttpClientConnectionManager:265 - Connection request: [route: {}->http://localhost:24218][total kept alive: 1; route allocated: 1 of 2000; total allocated: 1 of 2000]
12:46:40,465 DEBUG PoolingHttpClientConnectionManager:309 - Connection leased: [id: 0][route: {}->http://localhost:24218][total kept alive: 0; route allocated: 1 of 2000; total allocated: 1 of 2000]
12:46:40,465 DEBUG DefaultManagedHttpClientConnection:88 - http-outgoing-0: set socket timeout to 0
12:46:40,465 DEBUG MainClientExec:208 - Stale connection check
12:46:40,466 DEBUG wire:87 - http-outgoing-0 << "[read] I/O error: Read timed out"
12:46:40,466 DEBUG DefaultManagedHttpClientConnection:88 - http-outgoing-0: set socket timeout to 10800000
12:46:40,466 DEBUG MainClientExec:256 - Executing request POST /session/396a0f038869892878cd717983badc11/url HTTP/1.1
12:46:40,466 DEBUG MainClientExec:261 - Target auth state: UNCHALLENGED
12:46:40,466 DEBUG MainClientExec:267 - Proxy auth state: UNCHALLENGED
12:46:40,467 DEBUG headers:133 - http-outgoing-0 >> POST /session/396a0f038869892878cd717983badc11/url HTTP/1.1
12:46:40,467 DEBUG headers:136 - http-outgoing-0 >> Content-Type: application/json; charset=utf-8
12:46:40,467 DEBUG headers:136 - http-outgoing-0 >> Content-Length: 49
12:46:40,467 DEBUG headers:136 - http-outgoing-0 >> Host: localhost:24218
12:46:40,467 DEBUG headers:136 - http-outgoing-0 >> Connection: Keep-Alive
12:46:40,467 DEBUG headers:136 - http-outgoing-0 >> User-Agent: Apache-HttpClient/4.5.6 (Java/13.0.1)
12:46:40,467 DEBUG headers:136 - http-outgoing-0 >> Accept-Encoding: gzip,deflate
12:46:40,467 DEBUG wire:73 - http-outgoing-0 >> "POST /session/396a0f038869892878cd717983badc11/url HTTP/1.1[\r][\n]"
12:46:40,467 DEBUG wire:73 - http-outgoing-0 >> "Content-Type: application/json; charset=utf-8[\r][\n]"
12:46:40,467 DEBUG wire:73 - http-outgoing-0 >> "Content-Length: 49[\r][\n]"
12:46:40,468 DEBUG wire:73 - http-outgoing-0 >> "Host: localhost:24218[\r][\n]"
12:46:40,468 DEBUG wire:73 - http-outgoing-0 >> "Connection: Keep-Alive[\r][\n]"
12:46:40,468 DEBUG wire:73 - http-outgoing-0 >> "User-Agent: Apache-HttpClient/4.5.6 (Java/13.0.1)[\r][\n]"
12:46:40,468 DEBUG wire:73 - http-outgoing-0 >> "Accept-Encoding: gzip,deflate[\r][\n]"
12:46:40,468 DEBUG wire:73 - http-outgoing-0 >> "[\r][\n]"
12:46:40,468 DEBUG wire:87 - http-outgoing-0 >> "{"url":"http://automationpractice.com/index.php"}"
12:46:46,384 DEBUG wire:73 - http-outgoing-0 << "HTTP/1.1 200 OK[\r][\n]"
12:46:46,385 DEBUG wire:73 - http-outgoing-0 << "Content-Length:72[\r][\n]"
12:46:46,385 DEBUG wire:73 - http-outgoing-0 << "Content-Type:application/json; charset=utf-8[\r][\n]"
12:46:46,385 DEBUG wire:73 - http-outgoing-0 << "[\r][\n]"
12:46:46,385 DEBUG wire:87 - http-outgoing-0 << "{"sessionId":"396a0f038869892878cd717983badc11","status":0,"value":null}"
12:46:46,385 DEBUG headers:122 - http-outgoing-0 << HTTP/1.1 200 OK
12:46:46,385 DEBUG headers:125 - http-outgoing-0 << Content-Length:72
12:46:46,385 DEBUG headers:125 - http-outgoing-0 << Content-Type:application/json; charset=utf-8
12:46:46,385 DEBUG MainClientExec:285 - Connection can be kept alive indefinitely
12:46:46,386 DEBUG PoolingHttpClientConnectionManager:341 - Connection [id: 0][route: {}->http://localhost:24218] can be kept alive indefinitely
12:46:46,386 DEBUG DefaultManagedHttpClientConnection:88 - http-outgoing-0: set socket timeout to 0
12:46:46,386 DEBUG PoolingHttpClientConnectionManager:348 - Connection released: [id: 0][route: {}->http://localhost:24218][total kept alive: 1; route allocated: 1 of 2000; total allocated: 1 of 2000]
12:46:46,386 DEBUG devpinoyLogger:108 - Navigated to : http://automationpractice.com/index.php
12:46:46,389 DEBUG RequestAddCookies:123 - CookieSpec selected: default
12:46:46,389 DEBUG RequestAuthCache:77 - Auth cache not set in the context
12:46:46,389 DEBUG PoolingHttpClientConnectionManager:265 - Connection request: [route: {}->http://localhost:24218][total kept alive: 1; route allocated: 1 of 2000; total allocated: 1 of 2000]
12:46:46,389 DEBUG PoolingHttpClientConnectionManager:309 - Connection leased: [id: 0][route: {}->http://localhost:24218][total kept alive: 0; route allocated: 1 of 2000; total allocated: 1 of 2000]
12:46:46,389 DEBUG DefaultManagedHttpClientConnection:88 - http-outgoing-0: set socket timeout to 0
12:46:46,389 DEBUG MainClientExec:208 - Stale connection check
12:46:46,391 DEBUG wire:87 - http-outgoing-0 << "[read] I/O error: Read timed out"
12:46:46,391 DEBUG DefaultManagedHttpClientConnection:88 - http-outgoing-0: set socket timeout to 10800000
12:46:46,391 DEBUG MainClientExec:256 - Executing request POST /session/396a0f038869892878cd717983badc11/window/current/maximize HTTP/1.1
12:46:46,391 DEBUG MainClientExec:261 - Target auth state: UNCHALLENGED
12:46:46,391 DEBUG MainClientExec:267 - Proxy auth state: UNCHALLENGED
12:46:46,391 DEBUG headers:133 - http-outgoing-0 >> POST /session/396a0f038869892878cd717983badc11/window/current/maximize HTTP/1.1
12:46:46,391 DEBUG headers:136 - http-outgoing-0 >> Content-Type: application/json; charset=utf-8
12:46:46,391 DEBUG headers:136 - http-outgoing-0 >> Content-Length: 26
12:46:46,391 DEBUG headers:136 - http-outgoing-0 >> Host: localhost:24218
12:46:46,391 DEBUG headers:136 - http-outgoing-0 >> Connection: Keep-Alive
12:46:46,392 DEBUG headers:136 - http-outgoing-0 >> User-Agent: Apache-HttpClient/4.5.6 (Java/13.0.1)
12:46:46,392 DEBUG headers:136 - http-outgoing-0 >> Accept-Encoding: gzip,deflate
12:46:46,392 DEBUG wire:73 - http-outgoing-0 >> "POST /session/396a0f038869892878cd717983badc11/window/current/maximize HTTP/1.1[\r][\n]"
12:46:46,392 DEBUG wire:73 - http-outgoing-0 >> "Content-Type: application/json; charset=utf-8[\r][\n]"
12:46:46,392 DEBUG wire:73 - http-outgoing-0 >> "Content-Length: 26[\r][\n]"
12:46:46,392 DEBUG wire:73 - http-outgoing-0 >> "Host: localhost:24218[\r][\n]"
12:46:46,392 DEBUG wire:73 - http-outgoing-0 >> "Connection: Keep-Alive[\r][\n]"
12:46:46,392 DEBUG wire:73 - http-outgoing-0 >> "User-Agent: Apache-HttpClient/4.5.6 (Java/13.0.1)[\r][\n]"
12:46:46,392 DEBUG wire:73 - http-outgoing-0 >> "Accept-Encoding: gzip,deflate[\r][\n]"
12:46:46,392 DEBUG wire:73 - http-outgoing-0 >> "[\r][\n]"
12:46:46,393 DEBUG wire:87 - http-outgoing-0 >> "{"windowHandle":"current"}"
12:46:50,542 DEBUG wire:73 - http-outgoing-0 << "HTTP/1.1 200 OK[\r][\n]"
12:46:50,542 DEBUG wire:73 - http-outgoing-0 << "Content-Length:109[\r][\n]"
12:46:50,542 DEBUG wire:73 - http-outgoing-0 << "Content-Type:application/json; charset=utf-8[\r][\n]"
12:46:50,542 DEBUG wire:73 - http-outgoing-0 << "[\r][\n]"
12:46:50,542 DEBUG wire:87 - http-outgoing-0 << "{"sessionId":"396a0f038869892878cd717983badc11","status":0,"value":{"height":744,"width":1382,"x":-8,"y":-8}}"
12:46:50,543 DEBUG headers:122 - http-outgoing-0 << HTTP/1.1 200 OK
12:46:50,543 DEBUG headers:125 - http-outgoing-0 << Content-Length:109
12:46:50,543 DEBUG headers:125 - http-outgoing-0 << Content-Type:application/json; charset=utf-8
12:46:50,543 DEBUG MainClientExec:285 - Connection can be kept alive indefinitely
12:46:50,543 DEBUG PoolingHttpClientConnectionManager:341 - Connection [id: 0][route: {}->http://localhost:24218] can be kept alive indefinitely
12:46:50,543 DEBUG DefaultManagedHttpClientConnection:88 - http-outgoing-0: set socket timeout to 0
12:46:50,543 DEBUG PoolingHttpClientConnectionManager:348 - Connection released: [id: 0][route: {}->http://localhost:24218][total kept alive: 1; route allocated: 1 of 2000; total allocated: 1 of 2000]
12:46:50,545 DEBUG RequestAddCookies:123 - CookieSpec selected: default
12:46:50,545 DEBUG RequestAuthCache:77 - Auth cache not set in the context
12:46:50,545 DEBUG PoolingHttpClientConnectionManager:265 - Connection request: [route: {}->http://localhost:24218][total kept alive: 1; route allocated: 1 of 2000; total allocated: 1 of 2000]
12:46:50,546 DEBUG PoolingHttpClientConnectionManager:309 - Connection leased: [id: 0][route: {}->http://localhost:24218][total kept alive: 0; route allocated: 1 of 2000; total allocated: 1 of 2000]
12:46:50,546 DEBUG DefaultManagedHttpClientConnection:88 - http-outgoing-0: set socket timeout to 0
12:46:50,546 DEBUG MainClientExec:208 - Stale connection check
12:46:50,547 DEBUG wire:87 - http-outgoing-0 << "[read] I/O error: Read timed out"
12:46:50,547 DEBUG DefaultManagedHttpClientConnection:88 - http-outgoing-0: set socket timeout to 10800000
12:46:50,547 DEBUG MainClientExec:256 - Executing request POST /session/396a0f038869892878cd717983badc11/timeouts HTTP/1.1
12:46:50,547 DEBUG MainClientExec:261 - Target auth state: UNCHALLENGED
12:46:50,547 DEBUG MainClientExec:267 - Proxy auth state: UNCHALLENGED
12:46:50,547 DEBUG headers:133 - http-outgoing-0 >> POST /session/396a0f038869892878cd717983badc11/timeouts HTTP/1.1
12:46:50,547 DEBUG headers:136 - http-outgoing-0 >> Content-Type: application/json; charset=utf-8
12:46:50,547 DEBUG headers:136 - http-outgoing-0 >> Content-Length: 30
12:46:50,548 DEBUG headers:136 - http-outgoing-0 >> Host: localhost:24218
12:46:50,548 DEBUG headers:136 - http-outgoing-0 >> Connection: Keep-Alive
12:46:50,548 DEBUG headers:136 - http-outgoing-0 >> User-Agent: Apache-HttpClient/4.5.6 (Java/13.0.1)
12:46:50,548 DEBUG headers:136 - http-outgoing-0 >> Accept-Encoding: gzip,deflate
12:46:50,548 DEBUG wire:73 - http-outgoing-0 >> "POST /session/396a0f038869892878cd717983badc11/timeouts HTTP/1.1[\r][\n]"
12:46:50,548 DEBUG wire:73 - http-outgoing-0 >> "Content-Type: application/json; charset=utf-8[\r][\n]"
12:46:50,548 DEBUG wire:73 - http-outgoing-0 >> "Content-Length: 30[\r][\n]"
12:46:50,548 DEBUG wire:73 - http-outgoing-0 >> "Host: localhost:24218[\r][\n]"
12:46:50,548 DEBUG wire:73 - http-outgoing-0 >> "Connection: Keep-Alive[\r][\n]"
12:46:50,549 DEBUG wire:73 - http-outgoing-0 >> "User-Agent: Apache-HttpClient/4.5.6 (Java/13.0.1)[\r][\n]"
12:46:50,549 DEBUG wire:73 - http-outgoing-0 >> "Accept-Encoding: gzip,deflate[\r][\n]"
12:46:50,549 DEBUG wire:73 - http-outgoing-0 >> "[\r][\n]"
12:46:50,549 DEBUG wire:87 - http-outgoing-0 >> "{"type":"implicit","ms":20000}"
12:46:50,550 DEBUG wire:73 - http-outgoing-0 << "HTTP/1.1 200 OK[\r][\n]"
12:46:50,550 DEBUG wire:73 - http-outgoing-0 << "Content-Length:72[\r][\n]"
12:46:50,550 DEBUG wire:73 - http-outgoing-0 << "Content-Type:application/json; charset=utf-8[\r][\n]"
12:46:50,550 DEBUG wire:73 - http-outgoing-0 << "[\r][\n]"
12:46:50,550 DEBUG wire:87 - http-outgoing-0 << "{"sessionId":"396a0f038869892878cd717983badc11","status":0,"value":null}"
12:46:50,550 DEBUG headers:122 - http-outgoing-0 << HTTP/1.1 200 OK
12:46:50,550 DEBUG headers:125 - http-outgoing-0 << Content-Length:72
12:46:50,550 DEBUG headers:125 - http-outgoing-0 << Content-Type:application/json; charset=utf-8
12:46:50,550 DEBUG MainClientExec:285 - Connection can be kept alive indefinitely
12:46:50,551 DEBUG PoolingHttpClientConnectionManager:341 - Connection [id: 0][route: {}->http://localhost:24218] can be kept alive indefinitely
12:46:50,551 DEBUG DefaultManagedHttpClientConnection:88 - http-outgoing-0: set socket timeout to 0
12:46:50,551 DEBUG PoolingHttpClientConnectionManager:348 - Connection released: [id: 0][route: {}->http://localhost:24218][total kept alive: 1; route allocated: 1 of 2000; total allocated: 1 of 2000]
12:46:50,679 DEBUG RequestAddCookies:123 - CookieSpec selected: default
12:46:50,684 DEBUG RequestAuthCache:77 - Auth cache not set in the context
12:46:50,684 DEBUG PoolingHttpClientConnectionManager:265 - Connection request: [route: {}->http://localhost:24218][total kept alive: 1; route allocated: 1 of 2000; total allocated: 1 of 2000]
12:46:50,684 DEBUG PoolingHttpClientConnectionManager:309 - Connection leased: [id: 0][route: {}->http://localhost:24218][total kept alive: 0; route allocated: 1 of 2000; total allocated: 1 of 2000]
12:46:50,684 DEBUG DefaultManagedHttpClientConnection:88 - http-outgoing-0: set socket timeout to 0
12:46:50,684 DEBUG MainClientExec:208 - Stale connection check
12:46:50,685 DEBUG wire:87 - http-outgoing-0 << "[read] I/O error: Read timed out"
12:46:50,685 DEBUG DefaultManagedHttpClientConnection:88 - http-outgoing-0: set socket timeout to 10800000
12:46:50,685 DEBUG MainClientExec:256 - Executing request DELETE /session/396a0f038869892878cd717983badc11 HTTP/1.1
12:46:50,685 DEBUG MainClientExec:261 - Target auth state: UNCHALLENGED
12:46:50,685 DEBUG MainClientExec:267 - Proxy auth state: UNCHALLENGED
12:46:50,686 DEBUG headers:133 - http-outgoing-0 >> DELETE /session/396a0f038869892878cd717983badc11 HTTP/1.1
12:46:50,686 DEBUG headers:136 - http-outgoing-0 >> Host: localhost:24218
12:46:50,686 DEBUG headers:136 - http-outgoing-0 >> Connection: Keep-Alive
12:46:50,686 DEBUG headers:136 - http-outgoing-0 >> User-Agent: Apache-HttpClient/4.5.6 (Java/13.0.1)
12:46:50,686 DEBUG headers:136 - http-outgoing-0 >> Accept-Encoding: gzip,deflate
12:46:50,686 DEBUG wire:73 - http-outgoing-0 >> "DELETE /session/396a0f038869892878cd717983badc11 HTTP/1.1[\r][\n]"
12:46:50,686 DEBUG wire:73 - http-outgoing-0 >> "Host: localhost:24218[\r][\n]"
12:46:50,686 DEBUG wire:73 - http-outgoing-0 >> "Connection: Keep-Alive[\r][\n]"
12:46:50,686 DEBUG wire:73 - http-outgoing-0 >> "User-Agent: Apache-HttpClient/4.5.6 (Java/13.0.1)[\r][\n]"
12:46:50,686 DEBUG wire:73 - http-outgoing-0 >> "Accept-Encoding: gzip,deflate[\r][\n]"
12:46:50,686 DEBUG wire:73 - http-outgoing-0 >> "[\r][\n]"
12:46:50,716 DEBUG wire:73 - http-outgoing-0 << "HTTP/1.1 200 OK[\r][\n]"
12:46:50,716 DEBUG wire:73 - http-outgoing-0 << "Content-Length:72[\r][\n]"
12:46:50,716 DEBUG wire:73 - http-outgoing-0 << "Content-Type:application/json; charset=utf-8[\r][\n]"
12:46:50,717 DEBUG wire:73 - http-outgoing-0 << "[\r][\n]"
12:46:50,717 DEBUG wire:87 - http-outgoing-0 << "{"sessionId":"396a0f038869892878cd717983badc11","status":0,"value":null}"
12:46:50,717 DEBUG headers:122 - http-outgoing-0 << HTTP/1.1 200 OK
12:46:50,717 DEBUG headers:125 - http-outgoing-0 << Content-Length:72
12:46:50,717 DEBUG headers:125 - http-outgoing-0 << Content-Type:application/json; charset=utf-8
12:46:50,718 DEBUG MainClientExec:285 - Connection can be kept alive indefinitely
12:46:50,718 DEBUG PoolingHttpClientConnectionManager:341 - Connection [id: 0][route: {}->http://localhost:24218] can be kept alive indefinitely
12:46:50,719 DEBUG DefaultManagedHttpClientConnection:88 - http-outgoing-0: set socket timeout to 0
12:46:50,719 DEBUG PoolingHttpClientConnectionManager:348 - Connection released: [id: 0][route: {}->http://localhost:24218][total kept alive: 1; route allocated: 1 of 2000; total allocated: 1 of 2000]
12:46:50,720 DEBUG PoolingHttpClientConnectionManager:421 - Closing connections idle longer than 0 SECONDS
12:46:50,721 DEBUG DefaultManagedHttpClientConnection:79 - http-outgoing-0: Close connection
12:46:53,211 DEBUG devpinoyLogger:152 - test execution completed
